C51 COMPILER V9.00   ADDA                                                                  05/27/2016 15:36:44 PAGE 1   


C51 COMPILER V9.00, COMPILATION OF MODULE ADDA
OBJECT MODULE PLACED IN AdDa.obj
COMPILER INVOKED BY: I:\program\keil\C51\BIN\C51.EXE code\AdDa.c BROWSE DEBUG OBJECTEXTEND PRINT(.\AdDa.lst) OBJECT(AdDa
                    -.obj)

line level    source

   1           #include"AdDa.h"
   2          
   3           unsigned char _daval;
   4           unsigned char _adval;
   5          
   6          void AdDAInit()
   7          {
   8   1        _daval=0;
   9   1      
  10   1      }
  11          
  12          void AdDaCallBack()
  13          {
  14   1              _adval=ADC_count();
  15   1               _parameter[0]=_adval;
  16   1              converTobi(_adval,&_parameter[1]);
  17   1              DAC_count(4*_parameter[6]);                     
  18   1      }
  19          
  20          unsigned char ADC_count(void)
  21          {
  22   1              unsigned char dat_out;
  23   1              ADC_A=0;
  24   1              ADC_B=1;
  25   1              ADC_OE=0;
  26   1              ADC_ALE=0;
  27   1              ADC_ALE=1;
  28   1              ADC_ALE=0;
  29   1              P0=0xff;
  30   1              if(!ADC_EOC)
  31   1              {
  32   2                      ADC_OE=1;
  33   2                      dat_out=P0;
  34   2              }
  35   1              return dat_out;
  36   1      }
  37          
  38          void DAC_count(unsigned int dat_in)
  39          {
  40   1       unsigned char index;
  41   1               dat_in <<= 6;
  42   1               DAC_CS=0;
  43   1               DAC_CLK=0; 
  44   1               for(index=0;index<12;index++) 
  45   1               { 
  46   2                              DAC_DIN=(bit)(dat_in & 0x8000);   
  47   2                              DAC_CLK=1;
  48   2                              dat_in <<=1; 
  49   2                              DAC_CLK=0;
  50   2               }
  51   1               DAC_CS=1; 
  52   1               DAC_CLK=0; 
  53   1      }

C51 COMPILER V9.00   ADDA                                                                  05/27/2016 15:36:44 PAGE 2   


MODULE INFORMATION:   STATIC OVERLAYABLE
   CODE SIZE        =    105    ----
   CONSTANT SIZE    =   ----    ----
   XDATA SIZE       =   ----    ----
   PDATA SIZE       =   ----    ----
   DATA SIZE        =      2    ----
   IDATA SIZE       =   ----    ----
   BIT SIZE         =   ----    ----
END OF MODULE INFORMATION.


C51 COMPILATION COMPLETE.  0 WARNING(S),  0 ERROR(S)
