C51 COMPILER V9.00   KEY                                                                   05/19/2016 11:41:52 PAGE 1   


C51 COMPILER V9.00, COMPILATION OF MODULE KEY
OBJECT MODULE PLACED IN key.obj
COMPILER INVOKED BY: I:\program\keil\C51\BIN\C51.EXE code\key.c BROWSE DEBUG OBJECTEXTEND PRINT(.\key.lst) OBJECT(key.ob
                    -j)

line level    source

   1          #include "key.h"
   2          
   3           extern  char keyValueBuff;//¼üÖµ»º´æ
   4           //extern unsigned char cursorEnable;
   5          /*
   6          *°´¼üÉ¨Ãè
   7          */
   8           char key_scan()
   9          {
  10   1              char code rowkey[4][4]={{1,2,3,14},
  11   1                                                              {4,5,6,13},
  12   1                                                              {7,8,9,12},
  13   1                                                              {-1,0,10,11}};  
  14   1              char low=0;//ÐÐ
  15   1              char row=0;//ÁÐ 
  16   1              char K_l=-1,K_h=-1;
  17   1              char code lowcode[4]={0x0e,0x0d,0x0b,0x07};
  18   1              char code rowcode[4]={0xe0,0xd0,0xb0,0x70};
  19   1              char iter=0;
  20   1               KEY=0x0f;
  21   1              low=KEY&0x0f;
  22   1              //*ÐÐÉ¨Ãè
  23   1              for(iter=0;iter<4;iter++)
  24   1              {
  25   2                      if(low==lowcode[iter])
  26   2                      {
  27   3                              K_l=iter;       
  28   3                      }       
  29   2              }
  30   1              //*ÁÐÉ¨Ãè
  31   1              KEY=0xf0;
  32   1              row=KEY&0xf0;
  33   1              for(iter=0;iter<4;iter++)
  34   1              {
  35   2                              if(row==rowcode[iter])
  36   2                      {
  37   3                                K_h=iter;
  38   3                      }       
  39   2              }
  40   1              /*
  41   1              *±àÂë
  42   1              */
  43   1              if(K_l==-1||K_h==-1)
  44   1              return -1;
  45   1              return (rowkey[K_l][K_h]);
  46   1      }
  47          void clearKeyBuff()
  48          {  
  49   1      keyValueBuff=-1;
  50   1      }


MODULE INFORMATION:   STATIC OVERLAYABLE
   CODE SIZE        =    140    ----
C51 COMPILER V9.00   KEY                                                                   05/19/2016 11:41:52 PAGE 2   

   CONSTANT SIZE    =     24    ----
   XDATA SIZE       =   ----    ----
   PDATA SIZE       =   ----    ----
   DATA SIZE        =   ----    ----
   IDATA SIZE       =   ----    ----
   BIT SIZE         =   ----    ----
END OF MODULE INFORMATION.


C51 COMPILATION COMPLETE.  0 WARNING(S),  0 ERROR(S)
