C51 COMPILER V9.00   KEYSCAN                                                               05/27/2016 15:36:44 PAGE 1   


C51 COMPILER V9.00, COMPILATION OF MODULE KEYSCAN
OBJECT MODULE PLACED IN keyscan.obj
COMPILER INVOKED BY: I:\program\keil\C51\BIN\C51.EXE code\keyscan.c BROWSE DEBUG OBJECTEXTEND PRINT(.\keyscan.lst) OBJEC
                    -T(keyscan.obj)

line level    source

   1          #include"keyscan.h"
   2          
   3          
   4          unsigned char _keybuff;
   5          char _keystat;
   6          
   7          
   8          void keyscaninit()
   9          {
  10   1         _keystat=0;
  11   1         _keybuff=0;
  12   1         CreateTimer(200,keyscancallback,&_keyScanTimer);
  13   1      }
  14          unsigned char keyscan(void)
  15          {
  16   1              unsigned char key_temp=0;
  17   1              unsigned char key_value=0;
  18   1              DU=0xff;
  19   1              KEY0=0;KEY1=0;SMG_KEY0=0;SMG_KEY1=1;SMG_KEY2=1;SMG_KEY3=1;
  20   1              if(KEY0) key_temp= 5;
  21   1              else if(KEY1) key_temp= 1;
  22   1              KEY0=0;KEY1=0;SMG_KEY0=1;SMG_KEY1=0;SMG_KEY2=1;SMG_KEY3=1;
  23   1              if(KEY0) key_temp= 6;
  24   1              else if(KEY1) key_temp= 2;
  25   1              KEY0=0;KEY1=0;SMG_KEY0=1;SMG_KEY1=1;SMG_KEY2=0;SMG_KEY3=1;
  26   1              if(KEY0) key_temp= 7;
  27   1              else if(KEY1) key_temp= 3;
  28   1              KEY0=0;KEY1=0;SMG_KEY0=1;SMG_KEY1=1;SMG_KEY2=1;SMG_KEY3=0;
  29   1              if(KEY0) key_temp= 8;
  30   1              else if(KEY1) key_temp= 4;
  31   1              return key_temp;
  32   1      }
  33          void keyscancallback()
  34          {
  35   1              char _keyval=keyscan();
  36   1      //      _displaybuff[0]=_keyval;
  37   1               if(_keyval>0)
  38   1              {
  39   2               _keybuff=_keyval;
  40   2              }
  41   1              if(_keyval==0)
  42   1              {
  43   2               keycallback(_keybuff);
  44   2              }
  45   1      }
  46          //加/减100处理
  47          void addHaner(char add_cut)
  48          {
  49   1              if(add_cut==1)
  50   1              {
  51   2               //百位+
  52   2                      if(_parameter[_moduleselect]/100<2)
  53   2                      {
  54   3                      _parameter[_moduleselect]+=100; 
C51 COMPILER V9.00   KEYSCAN                                                               05/27/2016 15:36:44 PAGE 2   

  55   3                      }
  56   2                      else
  57   2                       {
  58   3                              _parameter[_moduleselect]-=200;
  59   3                       }
  60   2              }
  61   1              else if(add_cut==0)
  62   1              {
  63   2              //百位-
  64   2                if(_parameter[_moduleselect]/100>=1)
  65   2               {
  66   3                _parameter[_moduleselect]-=100;
  67   3               }
  68   2               else
  69   2               {
  70   3                 _parameter[_moduleselect]+=200;
  71   3               }
  72   2              }
  73   1      }
  74          //加/减10处理
  75          void addten(char add_cut)
  76          {  
  77   1              if(add_cut==1)
  78   1               {
  79   2                      if((_parameter[_moduleselect]%100)/10<9)
  80   2                      {
  81   3                              _parameter[_moduleselect]+=10;
  82   3                      }
  83   2                      else
  84   2                      {
  85   3                         _parameter[_moduleselect]-=90;
  86   3                      }
  87   2               }
  88   1              else    if(add_cut==0)
  89   1               {
  90   2                        if((_parameter[_moduleselect]%100)/10>0)
  91   2                        {
  92   3                       _parameter[_moduleselect]-=10;
  93   3                       }
  94   2                       else
  95   2                       {
  96   3                               _parameter[_moduleselect]+=90;
  97   3                      }
  98   2               }
  99   1      }
 100          //加/减1处理
 101          void addone(char add_cut)
 102          {
 103   1                      if(add_cut==1)
 104   1               {
 105   2                      if((_parameter[_moduleselect])%10<9)
 106   2                      {
 107   3                              _parameter[_moduleselect]+=1;
 108   3                      }
 109   2                      else
 110   2                      {
 111   3                         _parameter[_moduleselect]-=9;
 112   3                      }
 113   2               }
 114   1              else    if(add_cut==0)
 115   1               {
 116   2                        if((_parameter[_moduleselect])%10>0)
C51 COMPILER V9.00   KEYSCAN                                                               05/27/2016 15:36:44 PAGE 3   

 117   2                        {
 118   3                       _parameter[_moduleselect]-=1;
 119   3                       }
 120   2                       else
 121   2                       {
 122   3                               _parameter[_moduleselect]+=9;
 123   3                      }
 124   2               }
 125   1      }
 126          void keycallback(unsigned char keyval)
 127          {       
 128   1        switch(keyval)
 129   1        {
 130   2              case 3:
 131   2              {
 132   3               //模式选择 +
 133   3              ModuleSelect_1(1);
 134   3              }break;
 135   2              case 7:
 136   2              {
 137   3               //模式选择 - 
 138   3              ModuleSelect_1(0);
 139   3              }break;
 140   2              case 4:
 141   2              {
 142   3                addHaner(1);
 143   3              }break;
 144   2              case 8:
 145   2              {
 146   3               addHaner(0);
 147   3              }break;
 148   2              case 1:
 149   2              {
 150   3               //十位+
 151   3               addten(1);
 152   3               }break;
 153   2              case 5:
 154   2              {
 155   3               //十位-
 156   3               addten(0);
 157   3              }break;
 158   2      
 159   2              case 2:
 160   2              {
 161   3                //各位+
 162   3                addone(1);
 163   3              }break;
 164   2              case 6:
 165   2              {
 166   3                //各位-
 167   3                addone(0);
 168   3              }break;
 169   2        }
 170   1        _keybuff=0;
 171   1      }


MODULE INFORMATION:   STATIC OVERLAYABLE
   CODE SIZE        =    653    ----
   CONSTANT SIZE    =   ----    ----
   XDATA SIZE       =   ----    ----
   PDATA SIZE       =   ----    ----
C51 COMPILER V9.00   KEYSCAN                                                               05/27/2016 15:36:44 PAGE 4   

   DATA SIZE        =      2       1
   IDATA SIZE       =   ----    ----
   BIT SIZE         =   ----    ----
END OF MODULE INFORMATION.


C51 COMPILATION COMPLETE.  0 WARNING(S),  0 ERROR(S)
