C51 COMPILER V9.00   MAIN                                                                  05/27/2016 15:36:41 PAGE 1   


C51 COMPILER V9.00, COMPILATION OF MODULE MAIN
OBJECT MODULE PLACED IN main.obj
COMPILER INVOKED BY: I:\program\keil\C51\BIN\C51.EXE code\main.c BROWSE DEBUG OBJECTEXTEND PRINT(.\main.lst) OBJECT(main
                    -.obj)

line level    source

   1          #include"global.h"
   2          
   3          //c51定时资源初始化
   4          void C51Timer0Init()
   5          {
   6   1          TMOD = 0x01;
   7   1          TH0 = 0x0F6;
   8   1          TL0 = 0x3C;
   9   1          EA = 1;
  10   1          ET0 = 1;
  11   1          TR0 = 1;
  12   1      }
  13          //整个框架的初始化
  14          void init(TimerCallBack yourProjectinit)
  15          {       
  16   1              C51Timer0Init();
  17   1              TimerMangerInit();
  18   1              yourProjectinit(); 
  19   1      }
  20          
  21          void main()
  22          {
  23   1              init(waterctrlinit);
  24   1              while(1)
  25   1              {
  26   2               ClockDistributer();
  27   2               AddCount();
  28   2              }
  29   1      }       
  30           void Timer0Interrupt(void) interrupt 1
  31          {
  32   1          TH0 = 0x0FE;
  33   1          TL0 = 0x0C;
  34   1              
  35   1      }


MODULE INFORMATION:   STATIC OVERLAYABLE
   CODE SIZE        =     59    ----
   CONSTANT SIZE    =   ----    ----
   XDATA SIZE       =   ----    ----
   PDATA SIZE       =   ----    ----
   DATA SIZE        =   ----       3
   IDATA SIZE       =   ----    ----
   BIT SIZE         =   ----    ----
END OF MODULE INFORMATION.


C51 COMPILATION COMPLETE.  0 WARNING(S),  0 ERROR(S)
