C51 COMPILER V9.00   PIDCTRL                                                               05/27/2016 15:36:44 PAGE 1   


C51 COMPILER V9.00, COMPILATION OF MODULE PIDCTRL
OBJECT MODULE PLACED IN pidctrl.obj
COMPILER INVOKED BY: I:\program\keil\C51\BIN\C51.EXE code\pidctrl.c BROWSE DEBUG OBJECTEXTEND PRINT(.\pidctrl.lst) OBJEC
                    -T(pidctrl.obj)

line level    source

   1          #include"pidctrl.h"
   2          
   3          PID _pid;
   4          
   5          void PidInit()
   6          {
   7   1              _pid._setPoint=0;//设置值
   8   1              _pid._actualPoint=0;//当前值
   9   1              _pid._err=0;
  10   1              _pid._errNext=0;
  11   1              _pid._errLast=0;
  12   1              _pid._kp=_parameter[3];
  13   1              _pid._ki=_parameter[4];
  14   1              _pid._kd=_parameter[5];
  15   1      }
  16          int PidRealize(int setPoint,int actual)
  17          {
  18   1              int _increment=0;
  19   1      
  20   1               _pid._kp=_parameter[3];
  21   1              _pid._ki=_parameter[4];
  22   1              _pid._kd=_parameter[5];
  23   1              _pid._setPoint=setPoint;
  24   1      
  25   1              _pid._err=_pid._setPoint - actual;
  26   1      
  27   1              _increment=_pid._kp*(_pid._err-_pid._errNext)+_pid._ki*_pid._err+_pid._kd*(_pid._err-2*_pid._errNext+_pid
             -._errLast);
  28   1      
  29   1              _pid._actualPoint+=_increment;
  30   1      
  31   1              _pid._errNext=_pid._err;
  32   1      
  33   1              _pid._errLast=_pid._errNext;
  34   1              if(_increment>200)
  35   1              {
  36   2                      _increment=200;
  37   2              }
  38   1              if(_increment<0)
  39   1              {
  40   2                      _increment=0;
  41   2              }
  42   1              _parameter[8]= _pid._err;
  43   1              _parameter[9]=_increment;
  44   1              return _increment;
  45   1      }


MODULE INFORMATION:   STATIC OVERLAYABLE
   CODE SIZE        =    214    ----
   CONSTANT SIZE    =   ----    ----
   XDATA SIZE       =   ----    ----
   PDATA SIZE       =   ----    ----
   DATA SIZE        =     16    ----
C51 COMPILER V9.00   PIDCTRL                                                               05/27/2016 15:36:44 PAGE 2   

   IDATA SIZE       =   ----    ----
   BIT SIZE         =   ----    ----
END OF MODULE INFORMATION.


C51 COMPILATION COMPLETE.  0 WARNING(S),  0 ERROR(S)
