C51 COMPILER V9.00   TIMERFRAMMAIN                                                         05/19/2016 11:41:50 PAGE 1   


C51 COMPILER V9.00, COMPILATION OF MODULE TIMERFRAMMAIN
OBJECT MODULE PLACED IN TimerFramMain.obj
COMPILER INVOKED BY: I:\program\keil\C51\BIN\C51.EXE code\TimerFramMain.c BROWSE DEBUG OBJECTEXTEND PRINT(.\TimerFramMai
                    -n.lst) OBJECT(TimerFramMain.obj)

line level    source

   1          #include"global.h"
   2          void C51Init()
   3          {
   4   1              timerinit();
   5   1              dataInit();
   6   1      }
   7          void main()
   8          {
   9   1              C51Init();
  10   1      
  11   1              while(1)
  12   1              {
  13   2      
  14   2              }
  15   1      }


MODULE INFORMATION:   STATIC OVERLAYABLE
   CODE SIZE        =     11    ----
   CONSTANT SIZE    =   ----    ----
   XDATA SIZE       =   ----    ----
   PDATA SIZE       =   ----    ----
   DATA SIZE        =   ----    ----
   IDATA SIZE       =   ----    ----
   BIT SIZE         =   ----    ----
END OF MODULE INFORMATION.


C51 COMPILATION COMPLETE.  0 WARNING(S),  0 ERROR(S)
