C51 COMPILER V9.00   WATERCTRL                                                             05/27/2016 15:36:44 PAGE 1   


C51 COMPILER V9.00, COMPILATION OF MODULE WATERCTRL
OBJECT MODULE PLACED IN waterctrl.obj
COMPILER INVOKED BY: I:\program\keil\C51\BIN\C51.EXE code\waterctrl.c BROWSE DEBUG OBJECTEXTEND PRINT(.\waterctrl.lst) O
                    -BJECT(waterctrl.obj)

line level    source

   1          #include"waterctrl.h"
   2          
   3          TIMER segTimer;
   4          
   5          TIMER _updateTimer;
   6          
   7          TIMER _keyScanTimer;
   8          
   9          unsigned char _moduleselect=0;
  10          
  11          int _parameter[10]={0,0,0,10,0,0,0,0};
  12                                                                          
  13          
  14          
  15          void waterctrlinit()
  16          {       
  17   1              seginit();
  18   1              keyscaninit();
  19   1              AdDAInit();
  20   1              PidInit();
  21   1              _moduleselect=8;
  22   1              CreateTimer(3000,update,&_updateTimer);
  23   1      }
  24          
  25          void segCallback()
  26          {
  27   1              SegDisply(_displaybuff);
  28   1      }
  29          void ModuleSelect_1(char add_cut)
  30          {
  31   1               if(add_cut==1)
  32   1               {
  33   2                      _moduleselect=++_moduleselect%10;
  34   2               }
  35   1               else if(add_cut==0)
  36   1               {      
  37   2                      _moduleselect-=1;
  38   2                      if(_moduleselect < 0 || _moduleselect>10)
  39   2                      {
  40   3                              _moduleselect = 9;      
  41   3                      }
  42   2              }
  43   1      }
  44          void bipos()
  45           {
  46   1              int err=0;
  47   1              int adval=0;
  48   1               converToadval(_parameter[2],&adval);
  49   1               err=adval-_parameter[0]; 
  50   1      //      _parameter[8]=err;
  51   1              if ( err > 3)
  52   1              {
  53   2                      //液位未达到设定值
  54   2                      _parameter[6]=255;
C51 COMPILER V9.00   WATERCTRL                                                             05/27/2016 15:36:44 PAGE 2   

  55   2              //      _parameter[9]=1;
  56   2              }
  57   1              else if(err < -3)
  58   1              {
  59   2                       //液位超过设定值
  60   2                      _parameter[6]=0;
  61   2              //      _parameter[9]=2;
  62   2              }
  63   1              else
  64   1              {
  65   2                      //在范围内
  66   2                      _parameter[6] = 80;
  67   2              //      _parameter[9]=3;        
  68   2              }
  69   1       }
  70          void update()
  71           {      
  72   1              int adval=0;
  73   1              AdDaCallBack();
  74   1              //pid以及液位控制
  75   1               converToadval(_parameter[2],&adval);
  76   1              if(_parameter[7]==0)
  77   1              {
  78   2              _parameter[6]=(unsigned char)(PidRealize(adval,_parameter[0]));
  79   2              }
  80   1              else
  81   1              {
  82   2                      bipos();
  83   2              }
  84   1       }
  85          void converTobi(int adval,int* out)
  86          {       
  87   1              char base=50;
  88   1              *out=(int)((adval-base)*10/4);
  89   1              if(*out<0)
  90   1              {
  91   2                      *out=0;
  92   2              }               
  93   1      }
  94          void converToadval(int waterval,int* out)
  95          {  
  96   1              char base=50;
  97   1              *out=(int)(50+(waterval/10*4));
  98   1      }


MODULE INFORMATION:   STATIC OVERLAYABLE
   CODE SIZE        =    307    ----
   CONSTANT SIZE    =   ----    ----
   XDATA SIZE       =   ----    ----
   PDATA SIZE       =   ----    ----
   DATA SIZE        =     48      11
   IDATA SIZE       =   ----    ----
   BIT SIZE         =   ----    ----
END OF MODULE INFORMATION.


C51 COMPILATION COMPLETE.  0 WARNING(S),  0 ERROR(S)
